<?xml version="1.0" encoding="UTF-8"?>
<!-- Generated by org.testng.reporters.JUnitXMLReporter -->
<testsuite ignored="0" hostname="MAA2-5CG128971J" failures="0" tests="6" name="Default test" time="11.42" errors="0" timestamp="2026-02-08T19:20:55 IST">
  <testcase classname="api.test.Dataprovidertest" name="testPostuser" time="3.858"/>
  <testcase classname="api.test.Dataprovidertest" name="testPostuser" time="1.09"/>
  <testcase classname="api.test.Dataprovidertest" name="testPostuser" time="1.087"/>
  <testcase classname="api.test.Dataprovidertest" name="testDeleteUserByName" time="1.13"/>
  <testcase classname="api.test.Dataprovidertest" name="testDeleteUserByName" time="1.09"/>
  <testcase classname="api.test.Dataprovidertest" name="testDeleteUserByName" time="1.096"/>
</testsuite> <!-- Default test -->
