<?xml version="1.0" encoding="UTF-8"?>
<testng-results ignored="0" total="4" passed="4" failed="0" skipped="0">
  <reporter-output>
  </reporter-output>
  <suite started-at="2026-02-21T14:16:44 IST" name="PetSuite" finished-at="2026-02-21T14:16:53 IST" duration-ms="9456">
    <groups>
    </groups>
    <test started-at="2026-02-21T14:16:44 IST" name="PetTests" finished-at="2026-02-21T14:16:53 IST" duration-ms="9456">
      <class name="api.test.Usertest2">
        <test-method is-config="true" signature="setupData()[pri:0, instance:api.test.Usertest2@4cc451f2]" started-at="2026-02-21T14:16:44 IST" name="setupData" finished-at="2026-02-21T14:16:45 IST" duration-ms="737" status="PASS">
          <reporter-output>
          </reporter-output>
        </test-method> <!-- setupData -->
        <test-method signature="testPostUser()[pri:1, instance:api.test.Usertest2@4cc451f2]" started-at="2026-02-21T14:16:45 IST" name="testPostUser" finished-at="2026-02-21T14:16:50 IST" duration-ms="4789" status="PASS">
          <reporter-output>
          </reporter-output>
        </test-method> <!-- testPostUser -->
        <test-method signature="testGetUserByName()[pri:2, instance:api.test.Usertest2@4cc451f2]" started-at="2026-02-21T14:16:50 IST" name="testGetUserByName" finished-at="2026-02-21T14:16:51 IST" duration-ms="1130" status="PASS">
          <reporter-output>
          </reporter-output>
        </test-method> <!-- testGetUserByName -->
        <test-method signature="testUpdateUserByName()[pri:3, instance:api.test.Usertest2@4cc451f2]" started-at="2026-02-21T14:16:51 IST" name="testUpdateUserByName" finished-at="2026-02-21T14:16:52 IST" duration-ms="1164" status="PASS">
          <reporter-output>
          </reporter-output>
        </test-method> <!-- testUpdateUserByName -->
        <test-method signature="testDeleteUserByName()[pri:4, instance:api.test.Usertest2@4cc451f2]" started-at="2026-02-21T14:16:52 IST" name="testDeleteUserByName" finished-at="2026-02-21T14:16:53 IST" duration-ms="1216" status="PASS">
          <reporter-output>
          </reporter-output>
        </test-method> <!-- testDeleteUserByName -->
      </class> <!-- api.test.Usertest2 -->
    </test> <!-- PetTests -->
  </suite> <!-- PetSuite -->
</testng-results>
