<?xml version="1.0" encoding="UTF-8"?>
<testng-results ignored="0" total="4" passed="4" failed="0" skipped="0">
  <reporter-output>
  </reporter-output>
  <suite started-at="2026-02-15T19:26:21 IST" name="PetSuite" finished-at="2026-02-15T19:26:32 IST" duration-ms="10426">
    <groups>
    </groups>
    <test started-at="2026-02-15T19:26:21 IST" name="PetTests" finished-at="2026-02-15T19:26:32 IST" duration-ms="10426">
      <class name="api.test.Usertest2">
        <test-method is-config="true" signature="setupData()[pri:0, instance:api.test.Usertest2@7ae0a9ec]" started-at="2026-02-15T19:26:22 IST" name="setupData" finished-at="2026-02-15T19:26:23 IST" duration-ms="986" status="PASS">
          <reporter-output>
          </reporter-output>
        </test-method> <!-- setupData -->
        <test-method signature="testPostUser()[pri:1, instance:api.test.Usertest2@7ae0a9ec]" started-at="2026-02-15T19:26:23 IST" name="testPostUser" finished-at="2026-02-15T19:26:28 IST" duration-ms="5414" status="PASS">
          <reporter-output>
          </reporter-output>
        </test-method> <!-- testPostUser -->
        <test-method signature="testGetUserByName()[pri:2, instance:api.test.Usertest2@7ae0a9ec]" started-at="2026-02-15T19:26:28 IST" name="testGetUserByName" finished-at="2026-02-15T19:26:30 IST" duration-ms="1135" status="PASS">
          <reporter-output>
          </reporter-output>
        </test-method> <!-- testGetUserByName -->
        <test-method signature="testUpdateUserByName()[pri:3, instance:api.test.Usertest2@7ae0a9ec]" started-at="2026-02-15T19:26:30 IST" name="testUpdateUserByName" finished-at="2026-02-15T19:26:31 IST" duration-ms="1074" status="PASS">
          <reporter-output>
          </reporter-output>
        </test-method> <!-- testUpdateUserByName -->
        <test-method signature="testDeleteUserByName()[pri:4, instance:api.test.Usertest2@7ae0a9ec]" started-at="2026-02-15T19:26:31 IST" name="testDeleteUserByName" finished-at="2026-02-15T19:26:32 IST" duration-ms="1072" status="PASS">
          <reporter-output>
          </reporter-output>
        </test-method> <!-- testDeleteUserByName -->
      </class> <!-- api.test.Usertest2 -->
    </test> <!-- PetTests -->
  </suite> <!-- PetSuite -->
</testng-results>
