<?xml version="1.0" encoding="UTF-8"?>
<!-- Generated by org.testng.reporters.JUnitReportReporter -->
<testsuite hostname="MAA2-5CG128971J" failures="0" tests="6" name="api.test.Dataprovidertest" time="9.351" errors="0" timestamp="2026-02-08T19:20:55 IST" skipped="0">
  <testcase classname="api.test.Dataprovidertest" name="testPostuser" time="3.858"/>
  <testcase classname="api.test.Dataprovidertest" name="testPostuser" time="1.087"/>
  <testcase classname="api.test.Dataprovidertest" name="testPostuser" time="1.090"/>
  <testcase classname="api.test.Dataprovidertest" name="testDeleteUserByName" time="1.090"/>
  <testcase classname="api.test.Dataprovidertest" name="testDeleteUserByName" time="1.096"/>
  <testcase classname="api.test.Dataprovidertest" name="testDeleteUserByName" time="1.130"/>
</testsuite> <!-- api.test.Dataprovidertest -->
