<?xml version="1.0" encoding="UTF-8"?>
<!-- Generated by org.testng.reporters.JUnitReportReporter -->
<testsuite hostname="MAA2-5CG128971J" failures="0" tests="4" name="api.test.UserTests" time="9.443" errors="0" timestamp="2026-02-08T19:56:36 IST" skipped="0">
  <testcase classname="api.test.UserTests" name="testPostUser" time="5.916"/>
  <testcase classname="api.test.UserTests" name="testGetUserByName" time="1.229"/>
  <testcase classname="api.test.UserTests" name="testUpdateUserByName" time="1.101"/>
  <testcase classname="api.test.UserTests" name="testDeleteUserByName" time="1.197"/>
</testsuite> <!-- api.test.UserTests -->
