<?xml version="1.0" encoding="UTF-8"?>
<!-- Generated by org.testng.reporters.JUnitReportReporter -->
<testsuite hostname="MAA2-5CG128971J" failures="0" tests="4" name="api.test.Usertest2" time="8.299" errors="0" timestamp="2026-02-21T14:16:54 IST" skipped="0">
  <testcase classname="api.test.Usertest2" name="testPostUser" time="4.789"/>
  <testcase classname="api.test.Usertest2" name="testGetUserByName" time="1.130"/>
  <testcase classname="api.test.Usertest2" name="testUpdateUserByName" time="1.164"/>
  <testcase classname="api.test.Usertest2" name="testDeleteUserByName" time="1.216"/>
</testsuite> <!-- api.test.Usertest2 -->
